<?xml version="1.0" encoding="UTF-8"?>
<!-- Generated by org.testng.reporters.JUnitReportReporter -->
<testsuite skipped="0" hostname="UKLF3GWKC2" name="cucumberOptions.TestRunner2" tests="1" failures="0" timestamp="19 Jul 2019 15:52:12 GMT" time="0.103" errors="0">
  <testcase name="feature" time="0.103" classname="cucumberOptions.TestRunner2"/>
</testsuite> <!-- cucumberOptions.TestRunner2 -->
