<?xml version="1.0" encoding="UTF-8"?>
<!-- Generated by org.testng.reporters.JUnitReportReporter -->
<testsuite skipped="0" hostname="UKLF3GWKC2" name="cucumberOptions.ParameterTest" tests="1" failures="0" timestamp="16 Apr 2019 13:42:33 GMT" time="0.011" errors="0">
  <testcase name="testttt" time="0.011" classname="cucumberOptions.ParameterTest"/>
</testsuite> <!-- cucumberOptions.ParameterTest -->
