<?xml version="1.0" encoding="UTF-8"?>
<!-- Generated by org.testng.reporters.JUnitReportReporter -->
<testsuite skipped="0" hostname="UKLF3GWKC2" name="cucumberOptions.TestRunner" tests="1" failures="0" timestamp="17 May 2019 11:30:25 GMT" time="14.337" errors="0">
  <testcase name="feature" time="14.337" classname="cucumberOptions.TestRunner"/>
</testsuite> <!-- cucumberOptions.TestRunner -->
